00:55:48 [INFO] uci

00:55:48 [INFO] id name rustinator2
id author george
uciok
00:55:48 [INFO] isready

00:55:48 [INFO] readyok
00:55:48 [INFO] ucinewgame

00:55:52 [INFO] position fen rnbqkbnr/ppp1pppp/3p4/8/4P3/8/PPPP1PPP/RNBQKBNR w KQkq - 0 2 moves f2f3

00:55:52 [INFO] go wtime 60000 winc 0 btime 60000 binc 0

00:55:52 [INFO] info string starting search
00:55:52 [INFO] info depth 1
00:55:52 [INFO] info depth 2
00:55:52 [INFO] info depth 3
00:55:52 [INFO] info depth 4
00:55:52 [INFO] info depth 5
00:55:52 [INFO] bestmove e7e5
00:55:53 [INFO] position fen rnbqkbnr/ppp1pppp/3p4/8/4P3/8/PPPP1PPP/RNBQKBNR w KQkq - 0 2 moves f2f3 e7e5 d2d3

00:55:53 [INFO] go wtime 60000 winc 0 btime 60000 binc 0

00:55:53 [INFO] info string starting search
00:55:53 [INFO] info depth 1
00:55:53 [INFO] info depth 2
00:55:53 [INFO] info depth 3
00:55:54 [INFO] info depth 4
00:55:54 [INFO] info depth 5
00:55:54 [INFO] bestmove b8c6
00:55:59 [INFO] position fen rnbqkbnr/ppp1pppp/3p4/8/4P3/8/PPPP1PPP/RNBQKBNR w KQkq - 0 2 moves f2f3 e7e5 d2d3 b8c6 c1e3

00:55:59 [INFO] go wtime 60000 winc 0 btime 60000 binc 0

00:55:59 [INFO] info string starting search
00:55:59 [INFO] info depth 1
00:55:59 [INFO] info depth 2
00:55:59 [INFO] info depth 3
00:56:00 [INFO] info depth 4
00:56:01 [INFO] info depth 5
00:56:01 [INFO] bestmove d8h4
00:56:06 [INFO] position fen rnbqkbnr/ppp1pppp/3p4/8/4P3/8/PPPP1PPP/RNBQKBNR w KQkq - 0 2 moves f2f3 e7e5 d2d3 b8c6 c1e3 d8h4 g2g3

00:56:06 [INFO] go wtime 60000 winc 0 btime 60000 binc 0

00:56:06 [INFO] info string starting search
00:56:06 [INFO] info depth 1
00:56:06 [INFO] info depth 2
00:56:06 [INFO] info depth 3
00:56:06 [INFO] info depth 4
00:56:15 [INFO] info depth 5
00:56:15 [INFO] bestmove h4f6
00:56:18 [INFO] position fen rnbqkbnr/ppp1pppp/3p4/8/4P3/8/PPPP1PPP/RNBQKBNR w KQkq - 0 2 moves f2f3 e7e5 d2d3 b8c6 c1e3 d8h4 g2g3 h4f6 f3f4

00:56:18 [INFO] go wtime 60000 winc 0 btime 60000 binc 0

00:56:18 [INFO] info string starting search
00:56:18 [INFO] info depth 1
00:56:18 [INFO] info depth 2
00:56:18 [INFO] info depth 3
00:56:18 [INFO] info depth 4
00:56:20 [INFO] info depth 5
00:56:20 [INFO] bestmove e5f4
00:56:21 [INFO] position fen rnbqkbnr/ppp1pppp/3p4/8/4P3/8/PPPP1PPP/RNBQKBNR w KQkq - 0 2 moves f2f3 e7e5 d2d3 b8c6 c1e3 d8h4 g2g3 h4f6 f3f4 e5f4 g3f4

00:56:21 [INFO] go wtime 60000 winc 0 btime 60000 binc 0

00:56:21 [INFO] info string starting search
00:56:21 [INFO] info depth 1
00:56:21 [INFO] info depth 2
00:56:21 [INFO] info depth 3
00:56:21 [INFO] info depth 4
00:56:23 [INFO] info depth 5
00:56:23 [INFO] bestmove f6h4
00:56:30 [INFO] position fen rnbqkbnr/ppp1pppp/3p4/8/4P3/8/PPPP1PPP/RNBQKBNR w KQkq - 0 2 moves f2f3 e7e5 d2d3 b8c6 c1e3 d8h4 g2g3 h4f6 f3f4 e5f4 g3f4 f6h4 e3f2

00:56:30 [INFO] go wtime 60000 winc 0 btime 60000 binc 0

00:56:30 [INFO] info string starting search
00:56:30 [INFO] info depth 1
00:56:30 [INFO] info depth 2
00:56:30 [INFO] info depth 3
00:56:30 [INFO] info depth 4
00:56:34 [INFO] info depth 5
00:56:34 [INFO] bestmove h4f2
00:56:37 [INFO] position fen rnbqkbnr/ppp1pppp/3p4/8/4P3/8/PPPP1PPP/RNBQKBNR w KQkq - 0 2 moves f2f3 e7e5 d2d3 b8c6 c1e3 d8h4 g2g3 h4f6 f3f4 e5f4 g3f4 f6h4 e3f2 h4f2 e1f2

00:56:37 [INFO] go wtime 60000 winc 0 btime 60000 binc 0

00:56:37 [INFO] info string starting search
00:56:37 [INFO] info depth 1
00:56:37 [INFO] info depth 2
00:56:37 [INFO] info depth 3
00:56:37 [INFO] info depth 4
00:56:38 [INFO] info depth 5
00:56:38 [INFO] bestmove d6d5
00:56:42 [INFO] position fen rnbqkbnr/ppp1pppp/3p4/8/4P3/8/PPPP1PPP/RNBQKBNR w KQkq - 0 2 moves f2f3 e7e5 d2d3 b8c6 c1e3 d8h4 g2g3 h4f6 f3f4 e5f4 g3f4 f6h4 e3f2 h4f2 e1f2 d6d5 g1e2

00:56:42 [INFO] go wtime 60000 winc 0 btime 60000 binc 0

00:56:42 [INFO] info string starting search
00:56:42 [INFO] info depth 1
00:56:42 [INFO] info depth 2
00:56:42 [INFO] info depth 3
00:56:42 [INFO] info depth 4
00:56:42 [INFO] info depth 5
00:56:42 [INFO] bestmove d5e4
00:56:46 [INFO] position fen rnbqkbnr/ppp1pppp/3p4/8/4P3/8/PPPP1PPP/RNBQKBNR w KQkq - 0 2 moves f2f3 e7e5 d2d3 b8c6 c1e3 d8h4 g2g3 h4f6 f3f4 e5f4 g3f4 f6h4 e3f2 h4f2 e1f2 d6d5 g1e2 d5e4 h1g1

00:56:46 [INFO] go wtime 60000 winc 0 btime 60000 binc 0

00:56:46 [INFO] info string starting search
00:56:46 [INFO] info depth 1
00:56:46 [INFO] info depth 2
00:56:46 [INFO] info depth 3
00:56:46 [INFO] info depth 4
00:56:46 [INFO] info depth 5
00:56:46 [INFO] bestmove e4e3
00:56:48 [INFO] position fen rnbqkbnr/ppp1pppp/3p4/8/4P3/8/PPPP1PPP/RNBQKBNR w KQkq - 0 2 moves f2f3 e7e5 d2d3 b8c6 c1e3 d8h4 g2g3 h4f6 f3f4 e5f4 g3f4 f6h4 e3f2 h4f2 e1f2 d6d5 g1e2 d5e4 h1g1 e4e3 f2e3

00:56:48 [INFO] go wtime 60000 winc 0 btime 60000 binc 0

00:56:48 [INFO] info string starting search
00:56:48 [INFO] info depth 1
00:56:48 [INFO] info depth 2
00:56:48 [INFO] info depth 3
00:56:48 [INFO] info depth 4
00:56:48 [INFO] info depth 5
00:56:48 [INFO] bestmove g8f6
00:56:50 [INFO] position fen rnbqkbnr/ppp1pppp/3p4/8/4P3/8/PPPP1PPP/RNBQKBNR w KQkq - 0 2 moves f2f3 e7e5 d2d3 b8c6 c1e3 d8h4 g2g3 h4f6 f3f4 e5f4 g3f4 f6h4 e3f2 h4f2 e1f2 d6d5 g1e2 d5e4 h1g1 e4e3 f2e3 g8f6 e3f3

00:56:50 [INFO] go wtime 60000 winc 0 btime 60000 binc 0

00:56:50 [INFO] info string starting search
00:56:50 [INFO] info depth 1
00:56:50 [INFO] info depth 2
00:56:50 [INFO] info depth 3
00:56:50 [INFO] info depth 4
00:56:50 [INFO] info depth 5
00:56:50 [INFO] bestmove h7h5
00:56:52 [INFO] position fen rnbqkbnr/ppp1pppp/3p4/8/4P3/8/PPPP1PPP/RNBQKBNR w KQkq - 0 2 moves f2f3 e7e5 d2d3 b8c6 c1e3 d8h4 g2g3 h4f6 f3f4 e5f4 g3f4 f6h4 e3f2 h4f2 e1f2 d6d5 g1e2 d5e4 h1g1 e4e3 f2e3 g8f6 e3f3 h7h5 e2c3

00:56:52 [INFO] go wtime 60000 winc 0 btime 60000 binc 0

00:56:52 [INFO] info string starting search
00:56:52 [INFO] info depth 1
00:56:52 [INFO] info depth 2
00:56:52 [INFO] info depth 3
00:56:52 [INFO] info depth 4
00:56:52 [INFO] info depth 5
00:56:52 [INFO] bestmove c6d4
00:56:58 [INFO] position fen rnbqkbnr/ppp1pppp/3p4/8/4P3/8/PPPP1PPP/RNBQKBNR w KQkq - 0 2 moves f2f3 e7e5 d2d3 b8c6 c1e3 d8h4 g2g3 h4f6 f3f4 e5f4 g3f4 f6h4 e3f2 h4f2 e1f2 d6d5 g1e2 d5e4 h1g1 e4e3 f2e3 g8f6 e3f3 h7h5 e2c3 c6d4 f3e3

00:56:58 [INFO] go wtime 60000 winc 0 btime 60000 binc 0

00:56:58 [INFO] info string starting search
00:56:58 [INFO] info depth 1
00:56:58 [INFO] info depth 2
00:56:58 [INFO] info depth 3
00:56:58 [INFO] info depth 4
00:56:58 [INFO] info depth 5
00:56:58 [INFO] bestmove d4f5
00:57:08 [INFO] position fen rnbqkbnr/ppp1pppp/3p4/8/4P3/8/PPPP1PPP/RNBQKBNR w KQkq - 0 2 moves f2f3 e7e5 d2d3 b8c6 c1e3 d8h4 g2g3 h4f6 f3f4 e5f4 g3f4 f6h4 e3f2 h4f2 e1f2 d6d5 g1e2 d5e4 h1g1 e4e3 f2e3 g8f6 e3f3 h7h5 e2c3 c6d4 f3e3 d4f5 e3d2

00:57:08 [INFO] go wtime 60000 winc 0 btime 60000 binc 0

00:57:08 [INFO] info string starting search
00:57:08 [INFO] info depth 1
00:57:08 [INFO] info depth 2
00:57:08 [INFO] info depth 3
00:57:08 [INFO] info depth 4
00:57:09 [INFO] info depth 5
00:57:09 [INFO] bestmove f8c5
00:57:11 [INFO] position fen rnbqkbnr/ppp1pppp/3p4/8/4P3/8/PPPP1PPP/RNBQKBNR w KQkq - 0 2 moves f2f3 e7e5 d2d3 b8c6 c1e3 d8h4 g2g3 h4f6 f3f4 e5f4 g3f4 f6h4 e3f2 h4f2 e1f2 d6d5 g1e2 d5e4 h1g1 e4e3 f2e3 g8f6 e3f3 h7h5 e2c3 c6d4 f3e3 d4f5 e3d2 f8c5 b1a3

00:57:11 [INFO] go wtime 60000 winc 0 btime 60000 binc 0

00:57:11 [INFO] info string starting search
00:57:11 [INFO] info depth 1
00:57:11 [INFO] info depth 2
00:57:11 [INFO] info depth 3
00:57:11 [INFO] info depth 4
00:57:11 [INFO] info depth 5
00:57:11 [INFO] bestmove c5e3
00:57:18 [INFO] position fen rnbqkbnr/ppp1pppp/3p4/8/4P3/8/PPPP1PPP/RNBQKBNR w KQkq - 0 2 moves f2f3 e7e5 d2d3 b8c6 c1e3 d8h4 g2g3 h4f6 f3f4 e5f4 g3f4 f6h4 e3f2 h4f2 e1f2 d6d5 g1e2 d5e4 h1g1 e4e3 f2e3 g8f6 e3f3 h7h5 e2c3 c6d4 f3e3 d4f5 e3d2 f8c5 b1a3 c5e3 d2e1

00:57:18 [INFO] go wtime 60000 winc 0 btime 60000 binc 0

00:57:18 [INFO] info string starting search
00:57:18 [INFO] info depth 1
00:57:18 [INFO] info depth 2
00:57:18 [INFO] info depth 3
00:57:18 [INFO] info depth 4
00:57:19 [INFO] info depth 5
00:57:19 [INFO] bestmove e3f2
00:57:20 [INFO] position fen rnbqkbnr/ppp1pppp/3p4/8/4P3/8/PPPP1PPP/RNBQKBNR w KQkq - 0 2 moves f2f3 e7e5 d2d3 b8c6 c1e3 d8h4 g2g3 h4f6 f3f4 e5f4 g3f4 f6h4 e3f2 h4f2 e1f2 d6d5 g1e2 d5e4 h1g1 e4e3 f2e3 g8f6 e3f3 h7h5 e2c3 c6d4 f3e3 d4f5 e3d2 f8c5 b1a3 c5e3 d2e1 e3f2 e1f2

00:57:20 [INFO] go wtime 60000 winc 0 btime 60000 binc 0

00:57:20 [INFO] info string starting search
00:57:20 [INFO] info depth 1
00:57:20 [INFO] info depth 2
00:57:20 [INFO] info depth 3
00:57:20 [INFO] info depth 4
00:57:20 [INFO] info depth 5
00:57:20 [INFO] bestmove f6g4
00:57:26 [INFO] position fen rnbqkbnr/ppp1pppp/3p4/8/4P3/8/PPPP1PPP/RNBQKBNR w KQkq - 0 2 moves f2f3 e7e5 d2d3 b8c6 c1e3 d8h4 g2g3 h4f6 f3f4 e5f4 g3f4 f6h4 e3f2 h4f2 e1f2 d6d5 g1e2 d5e4 h1g1 e4e3 f2e3 g8f6 e3f3 h7h5 e2c3 c6d4 f3e3 d4f5 e3d2 f8c5 b1a3 c5e3 d2e1 e3f2 e1f2 f6g4 f2e1

00:57:26 [INFO] go wtime 60000 winc 0 btime 60000 binc 0

00:57:26 [INFO] info string starting search
00:57:26 [INFO] info depth 1
00:57:26 [INFO] info depth 2
00:57:26 [INFO] info depth 3
00:57:26 [INFO] info depth 4
00:57:27 [INFO] info depth 5
00:57:27 [INFO] bestmove e8g8
00:57:29 [INFO] position fen rnbqkbnr/ppp1pppp/3p4/8/4P3/8/PPPP1PPP/RNBQKBNR w KQkq - 0 2 moves f2f3 e7e5 d2d3 b8c6 c1e3 d8h4 g2g3 h4f6 f3f4 e5f4 g3f4 f6h4 e3f2 h4f2 e1f2 d6d5 g1e2 d5e4 h1g1 e4e3 f2e3 g8f6 e3f3 h7h5 e2c3 c6d4 f3e3 d4f5 e3d2 f8c5 b1a3 c5e3 d2e1 e3f2 e1f2 f6g4 f2e1 e8g8 d1e2

00:57:29 [INFO] go wtime 60000 winc 0 btime 60000 binc 0

00:57:29 [INFO] info string starting search
00:57:29 [INFO] info depth 1
00:57:29 [INFO] info depth 2
00:57:29 [INFO] info depth 3
00:57:29 [INFO] info depth 4
00:57:31 [INFO] info depth 5
00:57:31 [INFO] bestmove c8e6
00:57:37 [INFO] position fen rnbqkbnr/ppp1pppp/3p4/8/4P3/8/PPPP1PPP/RNBQKBNR w KQkq - 0 2 moves f2f3 e7e5 d2d3 b8c6 c1e3 d8h4 g2g3 h4f6 f3f4 e5f4 g3f4 f6h4 e3f2 h4f2 e1f2 d6d5 g1e2 d5e4 h1g1 e4e3 f2e3 g8f6 e3f3 h7h5 e2c3 c6d4 f3e3 d4f5 e3d2 f8c5 b1a3 c5e3 d2e1 e3f2 e1f2 f6g4 f2e1 e8g8 d1e2 c8e6 c3e4

00:57:37 [INFO] go wtime 60000 winc 0 btime 60000 binc 0

00:57:37 [INFO] info string starting search
00:57:37 [INFO] info depth 1
00:57:37 [INFO] info depth 2
00:57:37 [INFO] info depth 3
00:57:37 [INFO] info depth 4
00:57:38 [INFO] info depth 5
00:57:38 [INFO] bestmove f5d4
00:57:41 [INFO] position fen rnbqkbnr/ppp1pppp/3p4/8/4P3/8/PPPP1PPP/RNBQKBNR w KQkq - 0 2 moves f2f3 e7e5 d2d3 b8c6 c1e3 d8h4 g2g3 h4f6 f3f4 e5f4 g3f4 f6h4 e3f2 h4f2 e1f2 d6d5 g1e2 d5e4 h1g1 e4e3 f2e3 g8f6 e3f3 h7h5 e2c3 c6d4 f3e3 d4f5 e3d2 f8c5 b1a3 c5e3 d2e1 e3f2 e1f2 f6g4 f2e1 e8g8 d1e2 c8e6 c3e4 f5d4 a3c4

00:57:41 [INFO] go wtime 60000 winc 0 btime 60000 binc 0

00:57:41 [INFO] info string starting search
00:57:41 [INFO] info depth 1
00:57:41 [INFO] info depth 2
00:57:41 [INFO] info depth 3
00:57:41 [INFO] info depth 4
00:57:43 [INFO] info depth 5
00:57:43 [INFO] bestmove d4e2
00:57:47 [INFO] position fen rnbqkbnr/ppp1pppp/3p4/8/4P3/8/PPPP1PPP/RNBQKBNR w KQkq - 0 2 moves f2f3 e7e5 d2d3 b8c6 c1e3 d8h4 g2g3 h4f6 f3f4 e5f4 g3f4 f6h4 e3f2 h4f2 e1f2 d6d5 g1e2 d5e4 h1g1 e4e3 f2e3 g8f6 e3f3 h7h5 e2c3 c6d4 f3e3 d4f5 e3d2 f8c5 b1a3 c5e3 d2e1 e3f2 e1f2 f6g4 f2e1 e8g8 d1e2 c8e6 c3e4 f5d4 a3c4 d4e2 f1e2

00:57:47 [INFO] go wtime 60000 winc 0 btime 60000 binc 0

00:57:47 [INFO] info string starting search
00:57:47 [INFO] info depth 1
00:57:47 [INFO] info depth 2
00:57:47 [INFO] info depth 3
00:57:47 [INFO] info depth 4
00:57:48 [INFO] info depth 5
00:57:48 [INFO] bestmove a8b8
00:57:49 [INFO] position fen rnbqkbnr/ppp1pppp/3p4/8/4P3/8/PPPP1PPP/RNBQKBNR w KQkq - 0 2 moves f2f3 e7e5 d2d3 b8c6 c1e3 d8h4 g2g3 h4f6 f3f4 e5f4 g3f4 f6h4 e3f2 h4f2 e1f2 d6d5 g1e2 d5e4 h1g1 e4e3 f2e3 g8f6 e3f3 h7h5 e2c3 c6d4 f3e3 d4f5 e3d2 f8c5 b1a3 c5e3 d2e1 e3f2 e1f2 f6g4 f2e1 e8g8 d1e2 c8e6 c3e4 f5d4 a3c4 d4e2 f1e2 a8b8 e2g4

00:57:49 [INFO] go wtime 60000 winc 0 btime 60000 binc 0

00:57:49 [INFO] info string starting search
00:57:49 [INFO] info depth 1
00:57:49 [INFO] info depth 2
00:57:49 [INFO] info depth 3
00:57:49 [INFO] info depth 4
00:57:50 [INFO] info depth 5
00:57:50 [INFO] bestmove h5g4
00:57:52 [INFO] position fen rnbqkbnr/ppp1pppp/3p4/8/4P3/8/PPPP1PPP/RNBQKBNR w KQkq - 0 2 moves f2f3 e7e5 d2d3 b8c6 c1e3 d8h4 g2g3 h4f6 f3f4 e5f4 g3f4 f6h4 e3f2 h4f2 e1f2 d6d5 g1e2 d5e4 h1g1 e4e3 f2e3 g8f6 e3f3 h7h5 e2c3 c6d4 f3e3 d4f5 e3d2 f8c5 b1a3 c5e3 d2e1 e3f2 e1f2 f6g4 f2e1 e8g8 d1e2 c8e6 c3e4 f5d4 a3c4 d4e2 f1e2 a8b8 e2g4 h5g4 g1g4

00:57:52 [INFO] go wtime 60000 winc 0 btime 60000 binc 0

00:57:52 [INFO] info string starting search
00:57:52 [INFO] info depth 1
00:57:52 [INFO] info depth 2
00:57:52 [INFO] info depth 3
00:57:52 [INFO] info depth 4
00:57:53 [INFO] info depth 5
00:57:53 [INFO] bestmove e6g4
00:57:55 [INFO] position fen rnbqkbnr/ppp1pppp/3p4/8/4P3/8/PPPP1PPP/RNBQKBNR w KQkq - 0 2 moves f2f3 e7e5 d2d3 b8c6 c1e3 d8h4 g2g3 h4f6 f3f4 e5f4 g3f4 f6h4 e3f2 h4f2 e1f2 d6d5 g1e2 d5e4 h1g1 e4e3 f2e3 g8f6 e3f3 h7h5 e2c3 c6d4 f3e3 d4f5 e3d2 f8c5 b1a3 c5e3 d2e1 e3f2 e1f2 f6g4 f2e1 e8g8 d1e2 c8e6 c3e4 f5d4 a3c4 d4e2 f1e2 a8b8 e2g4 h5g4 g1g4 e6g4 a1d1

00:57:55 [INFO] go wtime 60000 winc 0 btime 60000 binc 0

00:57:55 [INFO] info string starting search
00:57:55 [INFO] info depth 1
00:57:55 [INFO] info depth 2
00:57:55 [INFO] info depth 3
00:57:55 [INFO] info depth 4
00:57:56 [INFO] info depth 5
00:57:56 [INFO] bestmove h8h2
