01:27:43 [INFO] uci

01:27:43 [INFO] id name rustinator2
id author george
uciok
01:27:43 [INFO] isready

01:27:43 [INFO] readyok
01:27:43 [INFO] ucinewgame

01:27:49 [INFO] position fen rnbqkb1r/pp1ppppp/5n2/8/3pP3/2P5/PP3PPP/RNBQKBNR w KQkq - 1 4 moves c3d4

01:27:49 [INFO] go wtime 60000 winc 0 btime 60000 binc 0

01:27:49 [INFO] info string starting search
01:27:49 [INFO] info depth 1
01:27:49 [INFO] info depth 2
01:27:49 [INFO] info depth 3
01:27:49 [INFO] info depth 4
01:27:49 [INFO] info depth 5
01:27:49 [INFO] bestmove f6e4
01:27:53 [INFO] position fen rnbqkb1r/pp1ppppp/5n2/8/3pP3/2P5/PP3PPP/RNBQKBNR w KQkq - 1 4 moves c3d4 f6e4 f2f3

01:27:53 [INFO] go wtime 60000 winc 0 btime 60000 binc 0

01:27:53 [INFO] info string starting search
01:27:53 [INFO] info depth 1
01:27:53 [INFO] info depth 2
01:27:53 [INFO] info depth 3
01:27:53 [INFO] info depth 4
01:27:54 [INFO] info depth 5
01:27:54 [INFO] bestmove e7e5
01:27:55 [INFO] position fen rnbqkb1r/pp1ppppp/5n2/8/3pP3/2P5/PP3PPP/RNBQKBNR w KQkq - 1 4 moves c3d4 f6e4 f2f3 e7e5 f3e4

01:27:55 [INFO] go wtime 60000 winc 0 btime 60000 binc 0

01:27:55 [INFO] info string starting search
01:27:55 [INFO] info depth 1
01:27:55 [INFO] info depth 2
01:27:55 [INFO] info depth 3
01:27:55 [INFO] info depth 4
01:27:56 [INFO] info depth 5
01:27:56 [INFO] bestmove d8h4
01:27:58 [INFO] position fen rnbqkb1r/pp1ppppp/5n2/8/3pP3/2P5/PP3PPP/RNBQKBNR w KQkq - 1 4 moves c3d4 f6e4 f2f3 e7e5 f3e4 d8h4 g2g3

01:27:58 [INFO] go wtime 60000 winc 0 btime 60000 binc 0

01:27:58 [INFO] info string starting search
01:27:58 [INFO] info depth 1
01:27:58 [INFO] info depth 2
01:27:58 [INFO] info depth 3
01:27:59 [INFO] info depth 4
01:27:59 [INFO] info depth 5
01:27:59 [INFO] bestmove h4e4
01:28:01 [INFO] position fen rnbqkb1r/pp1ppppp/5n2/8/3pP3/2P5/PP3PPP/RNBQKBNR w KQkq - 1 4 moves c3d4 f6e4 f2f3 e7e5 f3e4 d8h4 g2g3 h4e4 g1e2

01:28:01 [INFO] go wtime 60000 winc 0 btime 60000 binc 0

01:28:01 [INFO] info string starting search
01:28:01 [INFO] info depth 1
01:28:01 [INFO] info depth 2
01:28:01 [INFO] info depth 3
01:28:01 [INFO] info depth 4
01:28:02 [INFO] info depth 5
01:28:02 [INFO] bestmove e4h1
01:28:14 [INFO] position fen rnbqkb1r/pp1ppppp/5n2/8/3pP3/2P5/PP3PPP/RNBQKBNR w KQkq - 1 4 moves c3d4 f6e4 f2f3 e7e5 f3e4 d8h4 g2g3 h4e4 g1e2 e4h1 c1e3

01:28:14 [INFO] go wtime 60000 winc 0 btime 60000 binc 0

01:28:14 [INFO] info string starting search
01:28:14 [INFO] info depth 1
01:28:14 [INFO] info depth 2
01:28:14 [INFO] info depth 3
01:28:14 [INFO] info depth 4
01:28:14 [INFO] info depth 5
01:28:14 [INFO] bestmove h1f1
01:28:16 [INFO] position fen rnbqkb1r/pp1ppppp/5n2/8/3pP3/2P5/PP3PPP/RNBQKBNR w KQkq - 1 4 moves c3d4 f6e4 f2f3 e7e5 f3e4 d8h4 g2g3 h4e4 g1e2 e4h1 c1e3 h1f1 e1f1

01:28:16 [INFO] go wtime 60000 winc 0 btime 60000 binc 0

01:28:16 [INFO] info string starting search
01:28:16 [INFO] info depth 1
01:28:16 [INFO] info depth 2
01:28:16 [INFO] info depth 3
01:28:16 [INFO] info depth 4
01:28:16 [INFO] info depth 5
01:28:16 [INFO] bestmove d7d6
01:28:21 [INFO] position fen rnbqkb1r/pp1ppppp/5n2/8/3pP3/2P5/PP3PPP/RNBQKBNR w KQkq - 1 4 moves c3d4 f6e4 f2f3 e7e5 f3e4 d8h4 g2g3 h4e4 g1e2 e4h1 c1e3 h1f1 e1f1 d7d6 d1a4

01:28:21 [INFO] go wtime 60000 winc 0 btime 60000 binc 0

01:28:21 [INFO] info string starting search
01:28:21 [INFO] info depth 1
01:28:21 [INFO] info depth 2
01:28:21 [INFO] info depth 3
01:28:21 [INFO] info depth 4
01:28:21 [INFO] info depth 5
01:28:21 [INFO] bestmove c8d7
01:28:23 [INFO] position fen rnbqkb1r/pp1ppppp/5n2/8/3pP3/2P5/PP3PPP/RNBQKBNR w KQkq - 1 4 moves c3d4 f6e4 f2f3 e7e5 f3e4 d8h4 g2g3 h4e4 g1e2 e4h1 c1e3 h1f1 e1f1 d7d6 d1a4 c8d7 a4b3

01:28:23 [INFO] go wtime 60000 winc 0 btime 60000 binc 0

01:28:23 [INFO] info string starting search
01:28:23 [INFO] info depth 1
01:28:23 [INFO] info depth 2
01:28:23 [INFO] info depth 3
01:28:23 [INFO] info depth 4
01:28:24 [INFO] info depth 5
01:28:24 [INFO] bestmove d7h3
01:28:27 [INFO] position fen rnbqkb1r/pp1ppppp/5n2/8/3pP3/2P5/PP3PPP/RNBQKBNR w KQkq - 1 4 moves c3d4 f6e4 f2f3 e7e5 f3e4 d8h4 g2g3 h4e4 g1e2 e4h1 c1e3 h1f1 e1f1 d7d6 d1a4 c8d7 a4b3 d7h3 f1e1

01:28:27 [INFO] go wtime 60000 winc 0 btime 60000 binc 0

01:28:27 [INFO] info string starting search
01:28:27 [INFO] info depth 1
01:28:27 [INFO] info depth 2
01:28:27 [INFO] info depth 3
01:28:27 [INFO] info depth 4
01:28:29 [INFO] info depth 5
01:28:29 [INFO] bestmove d6d5
01:28:30 [INFO] position fen rnbqkb1r/pp1ppppp/5n2/8/3pP3/2P5/PP3PPP/RNBQKBNR w KQkq - 1 4 moves c3d4 f6e4 f2f3 e7e5 f3e4 d8h4 g2g3 h4e4 g1e2 e4h1 c1e3 h1f1 e1f1 d7d6 d1a4 c8d7 a4b3 d7h3 f1e1 d6d5 b1d2

01:28:30 [INFO] go wtime 60000 winc 0 btime 60000 binc 0

01:28:30 [INFO] info string starting search
01:28:30 [INFO] info depth 1
01:28:30 [INFO] info depth 2
01:28:30 [INFO] info depth 3
01:28:30 [INFO] info depth 4
01:28:31 [INFO] info depth 5
01:28:31 [INFO] bestmove b8d7
01:28:33 [INFO] position fen rnbqkb1r/pp1ppppp/5n2/8/3pP3/2P5/PP3PPP/RNBQKBNR w KQkq - 1 4 moves c3d4 f6e4 f2f3 e7e5 f3e4 d8h4 g2g3 h4e4 g1e2 e4h1 c1e3 h1f1 e1f1 d7d6 d1a4 c8d7 a4b3 d7h3 f1e1 d6d5 b1d2 b8d7 a1c1

01:28:33 [INFO] go wtime 60000 winc 0 btime 60000 binc 0

01:28:33 [INFO] info string starting search
01:28:33 [INFO] info depth 1
01:28:33 [INFO] info depth 2
01:28:33 [INFO] info depth 3
01:28:33 [INFO] info depth 4
01:28:34 [INFO] info depth 5
01:28:34 [INFO] bestmove e5d4
01:28:36 [INFO] position fen rnbqkb1r/pp1ppppp/5n2/8/3pP3/2P5/PP3PPP/RNBQKBNR w KQkq - 1 4 moves c3d4 f6e4 f2f3 e7e5 f3e4 d8h4 g2g3 h4e4 g1e2 e4h1 c1e3 h1f1 e1f1 d7d6 d1a4 c8d7 a4b3 d7h3 f1e1 d6d5 b1d2 b8d7 a1c1 e5d4 e2d4

01:28:36 [INFO] go wtime 60000 winc 0 btime 60000 binc 0

01:28:36 [INFO] info string starting search
01:28:36 [INFO] info depth 1
01:28:36 [INFO] info depth 2
01:28:36 [INFO] info depth 3
01:28:36 [INFO] info depth 4
01:28:39 [INFO] info depth 5
01:28:39 [INFO] bestmove h3e6
01:28:45 [INFO] position fen rnbqkb1r/pp1ppppp/5n2/8/3pP3/2P5/PP3PPP/RNBQKBNR w KQkq - 1 4 moves c3d4 f6e4 f2f3 e7e5 f3e4 d8h4 g2g3 h4e4 g1e2 e4h1 c1e3 h1f1 e1f1 d7d6 d1a4 c8d7 a4b3 d7h3 f1e1 d6d5 b1d2 b8d7 a1c1 e5d4 e2d4 h3e6 b3a4

01:28:45 [INFO] go wtime 60000 winc 0 btime 60000 binc 0

01:28:45 [INFO] info string starting search
01:28:45 [INFO] info depth 1
01:28:45 [INFO] info depth 2
01:28:45 [INFO] info depth 3
01:28:45 [INFO] info depth 4
01:28:46 [INFO] info depth 5
01:28:46 [INFO] bestmove e6h3
01:28:53 [INFO] position fen rnbqkb1r/pp1ppppp/5n2/8/3pP3/2P5/PP3PPP/RNBQKBNR w KQkq - 1 4 moves c3d4 f6e4 f2f3 e7e5 f3e4 d8h4 g2g3 h4e4 g1e2 e4h1 c1e3 h1f1 e1f1 d7d6 d1a4 c8d7 a4b3 d7h3 f1e1 d6d5 b1d2 b8d7 a1c1 e5d4 e2d4 h3e6 b3a4 e6h3 c1c7

01:28:53 [INFO] go wtime 60000 winc 0 btime 60000 binc 0

01:28:53 [INFO] info string starting search
01:28:53 [INFO] info depth 1
01:28:53 [INFO] info depth 2
01:28:53 [INFO] info depth 3
01:28:53 [INFO] info depth 4
01:28:56 [INFO] info depth 5
01:28:56 [INFO] bestmove a7a6
01:29:04 [INFO] position fen rnbqkb1r/pp1ppppp/5n2/8/3pP3/2P5/PP3PPP/RNBQKBNR w KQkq - 1 4 moves c3d4 f6e4 f2f3 e7e5 f3e4 d8h4 g2g3 h4e4 g1e2 e4h1 c1e3 h1f1 e1f1 d7d6 d1a4 c8d7 a4b3 d7h3 f1e1 d6d5 b1d2 b8d7 a1c1 e5d4 e2d4 h3e6 b3a4 e6h3 c1c7 a7a6 c7d7

01:29:04 [INFO] go wtime 60000 winc 0 btime 60000 binc 0

01:29:04 [INFO] info string starting search
01:29:04 [INFO] info depth 1
01:29:04 [INFO] info depth 2
01:29:04 [INFO] info depth 3
01:29:04 [INFO] info depth 4
01:29:04 [INFO] info depth 5
01:29:04 [INFO] bestmove b7b5
01:29:06 [INFO] position fen rnbqkb1r/pp1ppppp/5n2/8/3pP3/2P5/PP3PPP/RNBQKBNR w KQkq - 1 4 moves c3d4 f6e4 f2f3 e7e5 f3e4 d8h4 g2g3 h4e4 g1e2 e4h1 c1e3 h1f1 e1f1 d7d6 d1a4 c8d7 a4b3 d7h3 f1e1 d6d5 b1d2 b8d7 a1c1 e5d4 e2d4 h3e6 b3a4 e6h3 c1c7 a7a6 c7d7 b7b5 d7d5

01:29:06 [INFO] go wtime 60000 winc 0 btime 60000 binc 0

01:29:06 [INFO] info string starting search
01:29:06 [INFO] info depth 1
01:29:06 [INFO] info depth 2
01:29:06 [INFO] info depth 3
01:29:06 [INFO] info depth 4
01:29:06 [INFO] info depth 5
01:29:06 [INFO] bestmove b5a4
01:29:10 [INFO] position fen rnbqkb1r/pp1ppppp/5n2/8/3pP3/2P5/PP3PPP/RNBQKBNR w KQkq - 1 4 moves c3d4 f6e4 f2f3 e7e5 f3e4 d8h4 g2g3 h4e4 g1e2 e4h1 c1e3 h1f1 e1f1 d7d6 d1a4 c8d7 a4b3 d7h3 f1e1 d6d5 b1d2 b8d7 a1c1 e5d4 e2d4 h3e6 b3a4 e6h3 c1c7 a7a6 c7d7 b7b5 d7d5 b5a4 d2e4

01:29:10 [INFO] go wtime 60000 winc 0 btime 60000 binc 0

01:29:10 [INFO] info string starting search
01:29:10 [INFO] info depth 1
01:29:10 [INFO] info depth 2
01:29:10 [INFO] info depth 3
01:29:10 [INFO] info depth 4
01:29:11 [INFO] info depth 5
01:29:11 [INFO] bestmove f8b4
01:29:14 [INFO] position fen rnbqkb1r/pp1ppppp/5n2/8/3pP3/2P5/PP3PPP/RNBQKBNR w KQkq - 1 4 moves c3d4 f6e4 f2f3 e7e5 f3e4 d8h4 g2g3 h4e4 g1e2 e4h1 c1e3 h1f1 e1f1 d7d6 d1a4 c8d7 a4b3 d7h3 f1e1 d6d5 b1d2 b8d7 a1c1 e5d4 e2d4 h3e6 b3a4 e6h3 c1c7 a7a6 c7d7 b7b5 d7d5 b5a4 d2e4 f8b4 e1e2

01:29:14 [INFO] go wtime 60000 winc 0 btime 60000 binc 0

01:29:14 [INFO] info string starting search
01:29:14 [INFO] info depth 1
01:29:14 [INFO] info depth 2
01:29:14 [INFO] info depth 3
01:29:14 [INFO] info depth 4
01:29:14 [INFO] info depth 5
01:29:14 [INFO] bestmove h3f1
01:29:16 [INFO] position fen rnbqkb1r/pp1ppppp/5n2/8/3pP3/2P5/PP3PPP/RNBQKBNR w KQkq - 1 4 moves c3d4 f6e4 f2f3 e7e5 f3e4 d8h4 g2g3 h4e4 g1e2 e4h1 c1e3 h1f1 e1f1 d7d6 d1a4 c8d7 a4b3 d7h3 f1e1 d6d5 b1d2 b8d7 a1c1 e5d4 e2d4 h3e6 b3a4 e6h3 c1c7 a7a6 c7d7 b7b5 d7d5 b5a4 d2e4 f8b4 e1e2 h3f1 e2f1

01:29:16 [INFO] go wtime 60000 winc 0 btime 60000 binc 0

01:29:16 [INFO] info string starting search
01:29:16 [INFO] info depth 1
01:29:16 [INFO] info depth 2
01:29:16 [INFO] info depth 3
01:29:16 [INFO] info depth 4
01:29:16 [INFO] info depth 5
01:29:16 [INFO] bestmove e8g8
01:29:29 [INFO] position fen rnbqkb1r/pp1ppppp/5n2/8/3pP3/2P5/PP3PPP/RNBQKBNR w KQkq - 1 4 moves c3d4 f6e4 f2f3 e7e5 f3e4 d8h4 g2g3 h4e4 g1e2 e4h1 c1e3 h1f1 e1f1 d7d6 d1a4 c8d7 a4b3 d7h3 f1e1 d6d5 b1d2 b8d7 a1c1 e5d4 e2d4 h3e6 b3a4 e6h3 c1c7 a7a6 c7d7 b7b5 d7d5 b5a4 d2e4 f8b4 e1e2 h3f1 e2f1 e8g8 e4g5

01:29:29 [INFO] go wtime 60000 winc 0 btime 60000 binc 0

01:29:29 [INFO] info string starting search
01:29:29 [INFO] info depth 1
01:29:29 [INFO] info depth 2
01:29:29 [INFO] info depth 3
01:29:29 [INFO] info depth 4
01:29:29 [INFO] info depth 5
01:29:29 [INFO] bestmove f8e8
01:29:40 [INFO] position fen rnbqkb1r/pp1ppppp/5n2/8/3pP3/2P5/PP3PPP/RNBQKBNR w KQkq - 1 4 moves c3d4 f6e4 f2f3 e7e5 f3e4 d8h4 g2g3 h4e4 g1e2 e4h1 c1e3 h1f1 e1f1 d7d6 d1a4 c8d7 a4b3 d7h3 f1e1 d6d5 b1d2 b8d7 a1c1 e5d4 e2d4 h3e6 b3a4 e6h3 c1c7 a7a6 c7d7 b7b5 d7d5 b5a4 d2e4 f8b4 e1e2 h3f1 e2f1 e8g8 e4g5 f8e8 e3f4

01:29:40 [INFO] go wtime 60000 winc 0 btime 60000 binc 0

01:29:40 [INFO] info string starting search
01:29:40 [INFO] info depth 1
01:29:40 [INFO] info depth 2
01:29:40 [INFO] info depth 3
01:29:40 [INFO] info depth 4
01:29:40 [INFO] info depth 5
01:29:40 [INFO] bestmove e8e1
01:29:45 [INFO] position fen rnbqkb1r/pp1ppppp/5n2/8/3pP3/2P5/PP3PPP/RNBQKBNR w KQkq - 1 4 moves c3d4 f6e4 f2f3 e7e5 f3e4 d8h4 g2g3 h4e4 g1e2 e4h1 c1e3 h1f1 e1f1 d7d6 d1a4 c8d7 a4b3 d7h3 f1e1 d6d5 b1d2 b8d7 a1c1 e5d4 e2d4 h3e6 b3a4 e6h3 c1c7 a7a6 c7d7 b7b5 d7d5 b5a4 d2e4 f8b4 e1e2 h3f1 e2f1 e8g8 e4g5 f8e8 e3f4 e8e1 f1f2

01:29:45 [INFO] go wtime 60000 winc 0 btime 60000 binc 0

01:29:45 [INFO] info string starting search
01:29:45 [INFO] info depth 1
01:29:45 [INFO] info depth 2
01:29:45 [INFO] info depth 3
01:29:45 [INFO] info depth 4
01:29:45 [INFO] info depth 5
01:29:45 [INFO] bestmove e1f1
01:29:46 [INFO] position fen rnbqkb1r/pp1ppppp/5n2/8/3pP3/2P5/PP3PPP/RNBQKBNR w KQkq - 1 4 moves c3d4 f6e4 f2f3 e7e5 f3e4 d8h4 g2g3 h4e4 g1e2 e4h1 c1e3 h1f1 e1f1 d7d6 d1a4 c8d7 a4b3 d7h3 f1e1 d6d5 b1d2 b8d7 a1c1 e5d4 e2d4 h3e6 b3a4 e6h3 c1c7 a7a6 c7d7 b7b5 d7d5 b5a4 d2e4 f8b4 e1e2 h3f1 e2f1 e8g8 e4g5 f8e8 e3f4 e8e1 f1f2 e1f1 f2f1

01:29:46 [INFO] go wtime 60000 winc 0 btime 60000 binc 0

01:29:46 [INFO] info string starting search
01:29:46 [INFO] info depth 1
01:29:46 [INFO] info depth 2
01:29:46 [INFO] info depth 3
01:29:47 [INFO] info depth 4
01:29:47 [INFO] info depth 5
01:29:47 [INFO] bestmove a4a3
01:29:50 [INFO] position fen rnbqkb1r/pp1ppppp/5n2/8/3pP3/2P5/PP3PPP/RNBQKBNR w KQkq - 1 4 moves c3d4 f6e4 f2f3 e7e5 f3e4 d8h4 g2g3 h4e4 g1e2 e4h1 c1e3 h1f1 e1f1 d7d6 d1a4 c8d7 a4b3 d7h3 f1e1 d6d5 b1d2 b8d7 a1c1 e5d4 e2d4 h3e6 b3a4 e6h3 c1c7 a7a6 c7d7 b7b5 d7d5 b5a4 d2e4 f8b4 e1e2 h3f1 e2f1 e8g8 e4g5 f8e8 e3f4 e8e1 f1f2 e1f1 f2f1 a4a3 b2a3

01:29:50 [INFO] go wtime 60000 winc 0 btime 60000 binc 0

01:29:50 [INFO] info string starting search
01:29:50 [INFO] info depth 1
01:29:50 [INFO] info depth 2
01:29:50 [INFO] info depth 3
01:29:50 [INFO] info depth 4
01:29:50 [INFO] info depth 5
01:29:50 [INFO] bestmove a8e8
01:29:51 [INFO] position fen rnbqkb1r/pp1ppppp/5n2/8/3pP3/2P5/PP3PPP/RNBQKBNR w KQkq - 1 4 moves c3d4 f6e4 f2f3 e7e5 f3e4 d8h4 g2g3 h4e4 g1e2 e4h1 c1e3 h1f1 e1f1 d7d6 d1a4 c8d7 a4b3 d7h3 f1e1 d6d5 b1d2 b8d7 a1c1 e5d4 e2d4 h3e6 b3a4 e6h3 c1c7 a7a6 c7d7 b7b5 d7d5 b5a4 d2e4 f8b4 e1e2 h3f1 e2f1 e8g8 e4g5 f8e8 e3f4 e8e1 f1f2 e1f1 f2f1 a4a3 b2a3 a8e8 a3b4

01:29:51 [INFO] go wtime 60000 winc 0 btime 60000 binc 0

01:29:51 [INFO] info string starting search
01:29:51 [INFO] info depth 1
01:29:51 [INFO] info depth 2
01:29:51 [INFO] info depth 3
01:29:51 [INFO] info depth 4
01:29:51 [INFO] info depth 5
01:29:51 [INFO] bestmove e8e1
01:29:53 [INFO] position fen rnbqkb1r/pp1ppppp/5n2/8/3pP3/2P5/PP3PPP/RNBQKBNR w KQkq - 1 4 moves c3d4 f6e4 f2f3 e7e5 f3e4 d8h4 g2g3 h4e4 g1e2 e4h1 c1e3 h1f1 e1f1 d7d6 d1a4 c8d7 a4b3 d7h3 f1e1 d6d5 b1d2 b8d7 a1c1 e5d4 e2d4 h3e6 b3a4 e6h3 c1c7 a7a6 c7d7 b7b5 d7d5 b5a4 d2e4 f8b4 e1e2 h3f1 e2f1 e8g8 e4g5 f8e8 e3f4 e8e1 f1f2 e1f1 f2f1 a4a3 b2a3 a8e8 a3b4 e8e1 f1e1

01:29:53 [INFO] go wtime 60000 winc 0 btime 60000 binc 0

01:29:53 [INFO] info string starting search
01:29:53 [INFO] info depth 1
01:29:53 [INFO] info depth 2
01:29:53 [INFO] info depth 3
01:29:53 [INFO] info depth 4
01:29:53 [INFO] info depth 5
01:29:53 [INFO] bestmove a6a5
